Arguments: 
  /usr/local/bin/node /usr/share/yarn/bin/yarn.js add express ejs cors body-pareser

PATH: 
  /home/josedembo/.local/bin:/usr/local/sbin:/usr/local/bin:/usr/sbin:/usr/bin:/sbin:/bin:/usr/games:/usr/local/games:/snap/bin:/home/josedembo/.dotnet/tools:/home/josedembo/gradle/gradle-7.0.2/bin:/home/josedembo/gradle/gradle-7.0.2/bin

Yarn version: 
  1.22.5

Node version: 
  14.18.0

Platform: 
  linux x64

Trace: 
  Error: https://registry.yarnpkg.com/body-pareser: Not found
      at Request.params.callback [as _callback] (/usr/share/yarn/lib/cli.js:66988:18)
      at Request.self.callback (/usr/share/yarn/lib/cli.js:140749:22)
      at Request.emit (events.js:400:28)
      at Request.<anonymous> (/usr/share/yarn/lib/cli.js:141721:10)
      at Request.emit (events.js:400:28)
      at IncomingMessage.<anonymous> (/usr/share/yarn/lib/cli.js:141643:12)
      at Object.onceWrapper (events.js:519:28)
      at IncomingMessage.emit (events.js:412:35)
      at endReadableNT (internal/streams/readable.js:1334:12)
      at processTicksAndRejections (internal/process/task_queues.js:82:21)

npm manifest: 
  {
    "name": "indice-de-massa-corporal-imc",
    "version": "1.0.0",
    "main": "index.js",
    "license": "MIT"
  }

yarn manifest: 
  No manifest

Lockfile: 
  No lockfile
